[debug] [2020-09-14T20:03:33.182Z] ----------------------------------------------------------------------
[debug] [2020-09-14T20:03:33.184Z] Command:       /Users/code/.nvm/versions/node/v10.16.0/bin/node /Users/code/.nvm/versions/node/v10.16.0/bin/firebase emulators:start
[debug] [2020-09-14T20:03:33.184Z] CLI Version:   8.10.0
[debug] [2020-09-14T20:03:33.185Z] Platform:      darwin
[debug] [2020-09-14T20:03:33.185Z] Node Version:  v10.16.0
[debug] [2020-09-14T20:03:33.186Z] Time:          Mon Sep 14 2020 21:03:33 GMT+0100 (British Summer Time)
[debug] [2020-09-14T20:03:33.186Z] ----------------------------------------------------------------------
[debug] [2020-09-14T20:03:33.186Z] 
[debug] [2020-09-14T20:03:33.198Z] > command requires scopes: ["email","openid","https://www.googleapis.com/auth/cloudplatformprojects.readonly","https://www.googleapis.com/auth/firebase","https://www.googleapis.com/auth/cloud-platform"]
[debug] [2020-09-14T20:03:33.199Z] > authorizing via signed-in user
[info] i  emulators: Starting emulators: functions, hosting {"metadata":{"emulator":{"name":"hub"},"message":"Starting emulators: functions, hosting"}}
[debug] [2020-09-14T20:03:33.224Z] [hub] writing locator at /var/folders/mk/31qjg5kn40x2w5l31rlfbw0m0000gp/T/hub-clone-84608.json
[warn] ⚠  functions: The following emulators are not running, calls to these services from the Functions emulator will affect production: firestore, database, pubsub {"metadata":{"emulator":{"name":"functions"},"message":"The following emulators are not running, calls to these services from the Functions emulator will affect production: \u001b[1mfirestore, database, pubsub\u001b[22m"}}
[info] ✔  functions: Using node@10 from host. {"metadata":{"emulator":{"name":"functions"},"message":"Using node@10 from host."}}
[debug] [2020-09-14T20:03:33.248Z] defaultcredentials: writing to file /Users/code/.config/firebase/shaf03sm_gmail_com_application_default_credentials.json
[debug] [2020-09-14T20:03:33.251Z] Setting GAC to /Users/code/.config/firebase/shaf03sm_gmail_com_application_default_credentials.json {"metadata":{"emulator":{"name":"functions"},"message":"Setting GAC to /Users/code/.config/firebase/shaf03sm_gmail_com_application_default_credentials.json"}}
[debug] [2020-09-14T20:03:33.517Z] > refreshing access token with scopes: ["email","https://www.googleapis.com/auth/cloud-platform","https://www.googleapis.com/auth/cloudplatformprojects.readonly","https://www.googleapis.com/auth/firebase","openid"]
[debug] [2020-09-14T20:03:33.517Z] >>> HTTP REQUEST POST https://www.googleapis.com/oauth2/v3/token  
 <request body omitted>
[debug] [2020-09-14T20:03:33.675Z] <<< HTTP RESPONSE 200 {"content-type":"application/json; charset=utf-8","vary":"X-Origin, Referer, Origin,Accept-Encoding","date":"Mon, 14 Sep 2020 20:03:33 GMT","server":"scaffolding on HTTPServer2","cache-control":"private","x-xss-protection":"0","x-frame-options":"SAMEORIGIN","x-content-type-options":"nosniff","alt-svc":"h3-29=\":443\"; ma=2592000,h3-27=\":443\"; ma=2592000,h3-T051=\":443\"; ma=2592000,h3-T050=\":443\"; ma=2592000,h3-Q050=\":443\"; ma=2592000,h3-Q046=\":443\"; ma=2592000,h3-Q043=\":443\"; ma=2592000,quic=\":443\"; ma=2592000; v=\"46,43\"","accept-ranges":"none","transfer-encoding":"chunked"}
[debug] [2020-09-14T20:03:33.692Z] >>> HTTP REQUEST GET https://firebase.googleapis.com/v1beta1/projects/clone-84608/webApps/-/config  
 
[debug] [2020-09-14T20:03:34.516Z] <<< HTTP RESPONSE 200 {"content-type":"application/json; charset=UTF-8","vary":"X-Origin, Referer, Origin,Accept-Encoding","date":"Mon, 14 Sep 2020 20:03:34 GMT","server":"ESF","cache-control":"private","x-xss-protection":"0","x-frame-options":"SAMEORIGIN","x-content-type-options":"nosniff","alt-svc":"h3-29=\":443\"; ma=2592000,h3-27=\":443\"; ma=2592000,h3-T051=\":443\"; ma=2592000,h3-T050=\":443\"; ma=2592000,h3-Q050=\":443\"; ma=2592000,h3-Q046=\":443\"; ma=2592000,h3-Q043=\":443\"; ma=2592000,quic=\":443\"; ma=2592000; v=\"46,43\"","accept-ranges":"none","transfer-encoding":"chunked"}
[info] i  hosting: Serving hosting files from: build {"metadata":{"emulator":{"name":"hosting"},"message":"Serving hosting files from: \u001b[1mbuild\u001b[22m"}}
[info] ✔  hosting: Local server: http://localhost:5000 {"metadata":{"emulator":{"name":"hosting"},"message":"Local server: \u001b[4m\u001b[1mhttp://localhost:5000\u001b[22m\u001b[24m"}}
[debug] [2020-09-14T20:03:34.557Z] Ignoring unsupported arg: auto_download {"metadata":{"emulator":{"name":"ui"},"message":"Ignoring unsupported arg: auto_download"}}
[debug] [2020-09-14T20:03:34.558Z] Ignoring unsupported arg: port {"metadata":{"emulator":{"name":"ui"},"message":"Ignoring unsupported arg: port"}}
[debug] [2020-09-14T20:03:34.558Z] Starting Emulator UI with command {"binary":"node","args":["/Users/code/.cache/firebase/emulators/ui-v1.1.1/server.bundle.js"],"optionalArgs":[],"joinArgs":false} {"metadata":{"emulator":{"name":"ui"},"message":"Starting Emulator UI with command {\"binary\":\"node\",\"args\":[\"/Users/code/.cache/firebase/emulators/ui-v1.1.1/server.bundle.js\"],\"optionalArgs\":[],\"joinArgs\":false}"}}
[info] i  ui: Emulator UI logging to ui-debug.log {"metadata":{"emulator":{"name":"ui"},"message":"Emulator UI logging to \u001b[1mui-debug.log\u001b[22m"}}
[debug] [2020-09-14T20:03:34.703Z] Web / API server started at http://localhost:4000
 {"metadata":{"emulator":{"name":"ui"},"message":"Web / API server started at http://localhost:4000\n"}}
[info] i  functions: Watching "/Users/code/Desktop/amazon-clone/functions" for Cloud Functions... {"metadata":{"emulator":{"name":"functions"},"message":"Watching \"/Users/code/Desktop/amazon-clone/functions\" for Cloud Functions..."}}
[debug] [2020-09-14T20:03:34.830Z] [worker-pool] addWorker(~diagnostic~) {"metadata":{"emulator":{"name":"functions"},"message":"[worker-pool] addWorker(~diagnostic~)"}}
[debug] [2020-09-14T20:03:34.831Z] [worker-pool] Adding worker with key ~diagnostic~, total=1 {"metadata":{"emulator":{"name":"functions"},"message":"[worker-pool] Adding worker with key ~diagnostic~, total=1"}}
[debug] [2020-09-14T20:03:34.831Z] [worker-pool] submitWork(triggerId=) {"metadata":{"emulator":{"name":"functions"},"message":"[worker-pool] submitWork(triggerId=)"}}
[debug] [2020-09-14T20:03:34.831Z] [worker-~diagnostic~-3383e969-e9b4-4a6a-85c7-26fe67a7a222]: Assigning socketPath: /var/folders/mk/31qjg5kn40x2w5l31rlfbw0m0000gp/T/fire_emu_11165.sock {"metadata":{"emulator":{"name":"functions"},"message":"[worker-~diagnostic~-3383e969-e9b4-4a6a-85c7-26fe67a7a222]: Assigning socketPath: /var/folders/mk/31qjg5kn40x2w5l31rlfbw0m0000gp/T/fire_emu_11165.sock"}}
[debug] [2020-09-14T20:03:34.832Z] [worker-~diagnostic~-3383e969-e9b4-4a6a-85c7-26fe67a7a222]: BUSY {"metadata":{"emulator":{"name":"functions"},"message":"[worker-~diagnostic~-3383e969-e9b4-4a6a-85c7-26fe67a7a222]: BUSY"}}
[debug] [2020-09-14T20:03:35.123Z] [runtime-status] [11165] Functions runtime initialized. {"cwd":"/Users/code/Desktop/amazon-clone/functions","node_version":"10.16.0"} {"metadata":{"emulator":{"name":"functions"},"message":"[runtime-status] [11165] Functions runtime initialized. {\"cwd\":\"/Users/code/Desktop/amazon-clone/functions\",\"node_version\":\"10.16.0\"}"}}
[debug] [2020-09-14T20:03:35.124Z] [runtime-status] [11165] Disabled runtime features: undefined {"metadata":{"emulator":{"name":"functions"},"message":"[runtime-status] [11165] Disabled runtime features: undefined"}}
[debug] [2020-09-14T20:03:35.128Z] [runtime-status] [11165] Resolved module firebase-admin {"declared":true,"installed":true,"version":"8.13.0","resolution":"/Users/code/Desktop/amazon-clone/functions/node_modules/firebase-admin/lib/index.js"} {"metadata":{"emulator":{"name":"functions"},"message":"[runtime-status] [11165] Resolved module firebase-admin {\"declared\":true,\"installed\":true,\"version\":\"8.13.0\",\"resolution\":\"/Users/code/Desktop/amazon-clone/functions/node_modules/firebase-admin/lib/index.js\"}"}}
[debug] [2020-09-14T20:03:35.129Z] [runtime-status] [11165] Resolved module firebase-functions {"declared":true,"installed":true,"version":"3.11.0","resolution":"/Users/code/Desktop/amazon-clone/functions/node_modules/firebase-functions/lib/index.js"} {"metadata":{"emulator":{"name":"functions"},"message":"[runtime-status] [11165] Resolved module firebase-functions {\"declared\":true,\"installed\":true,\"version\":\"3.11.0\",\"resolution\":\"/Users/code/Desktop/amazon-clone/functions/node_modules/firebase-functions/lib/index.js\"}"}}
[debug] [2020-09-14T20:03:35.130Z] [runtime-status] [11165] Resolved module firebase-functions {"declared":true,"installed":true,"version":"3.11.0","resolution":"/Users/code/Desktop/amazon-clone/functions/node_modules/firebase-functions/lib/index.js"} {"metadata":{"emulator":{"name":"functions"},"message":"[runtime-status] [11165] Resolved module firebase-functions {\"declared\":true,\"installed\":true,\"version\":\"3.11.0\",\"resolution\":\"/Users/code/Desktop/amazon-clone/functions/node_modules/firebase-functions/lib/index.js\"}"}}
[debug] [2020-09-14T20:03:35.135Z] [runtime-status] [11165] Outgoing network have been stubbed. [{"name":"http","status":"mocked"},{"name":"http","status":"mocked"},{"name":"https","status":"mocked"},{"name":"https","status":"mocked"},{"name":"net","status":"mocked"}] {"metadata":{"emulator":{"name":"functions"},"message":"[runtime-status] [11165] Outgoing network have been stubbed. [{\"name\":\"http\",\"status\":\"mocked\"},{\"name\":\"http\",\"status\":\"mocked\"},{\"name\":\"https\",\"status\":\"mocked\"},{\"name\":\"https\",\"status\":\"mocked\"},{\"name\":\"net\",\"status\":\"mocked\"}]"}}
[debug] [2020-09-14T20:03:35.135Z] [runtime-status] [11165] Resolved module firebase-functions {"declared":true,"installed":true,"version":"3.11.0","resolution":"/Users/code/Desktop/amazon-clone/functions/node_modules/firebase-functions/lib/index.js"} {"metadata":{"emulator":{"name":"functions"},"message":"[runtime-status] [11165] Resolved module firebase-functions {\"declared\":true,\"installed\":true,\"version\":\"3.11.0\",\"resolution\":\"/Users/code/Desktop/amazon-clone/functions/node_modules/firebase-functions/lib/index.js\"}"}}
[debug] [2020-09-14T20:03:35.201Z] [runtime-status] [11165] Checked functions.config() {"config":{}} {"metadata":{"emulator":{"name":"functions"},"message":"[runtime-status] [11165] Checked functions.config() {\"config\":{}}"}}
[debug] [2020-09-14T20:03:35.201Z] [runtime-status] [11165] firebase-functions has been stubbed. {"functionsResolution":{"declared":true,"installed":true,"version":"3.11.0","resolution":"/Users/code/Desktop/amazon-clone/functions/node_modules/firebase-functions/lib/index.js"}} {"metadata":{"emulator":{"name":"functions"},"message":"[runtime-status] [11165] firebase-functions has been stubbed. {\"functionsResolution\":{\"declared\":true,\"installed\":true,\"version\":\"3.11.0\",\"resolution\":\"/Users/code/Desktop/amazon-clone/functions/node_modules/firebase-functions/lib/index.js\"}}"}}
[debug] [2020-09-14T20:03:35.201Z] [runtime-status] [11165] Resolved module firebase-functions {"declared":true,"installed":true,"version":"3.11.0","resolution":"/Users/code/Desktop/amazon-clone/functions/node_modules/firebase-functions/lib/index.js"} {"metadata":{"emulator":{"name":"functions"},"message":"[runtime-status] [11165] Resolved module firebase-functions {\"declared\":true,\"installed\":true,\"version\":\"3.11.0\",\"resolution\":\"/Users/code/Desktop/amazon-clone/functions/node_modules/firebase-functions/lib/index.js\"}"}}
[debug] [2020-09-14T20:03:35.202Z] [runtime-status] [11165] Resolved module firebase-admin {"declared":true,"installed":true,"version":"8.13.0","resolution":"/Users/code/Desktop/amazon-clone/functions/node_modules/firebase-admin/lib/index.js"} {"metadata":{"emulator":{"name":"functions"},"message":"[runtime-status] [11165] Resolved module firebase-admin {\"declared\":true,\"installed\":true,\"version\":\"8.13.0\",\"resolution\":\"/Users/code/Desktop/amazon-clone/functions/node_modules/firebase-admin/lib/index.js\"}"}}
[debug] [2020-09-14T20:03:35.202Z] [runtime-status] [11165] Resolved module firebase-functions {"declared":true,"installed":true,"version":"3.11.0","resolution":"/Users/code/Desktop/amazon-clone/functions/node_modules/firebase-functions/lib/index.js"} {"metadata":{"emulator":{"name":"functions"},"message":"[runtime-status] [11165] Resolved module firebase-functions {\"declared\":true,\"installed\":true,\"version\":\"3.11.0\",\"resolution\":\"/Users/code/Desktop/amazon-clone/functions/node_modules/firebase-functions/lib/index.js\"}"}}
[debug] [2020-09-14T20:03:35.202Z] [runtime-status] [11165] firebase-admin has been stubbed. {"adminResolution":{"declared":true,"installed":true,"version":"8.13.0","resolution":"/Users/code/Desktop/amazon-clone/functions/node_modules/firebase-admin/lib/index.js"}} {"metadata":{"emulator":{"name":"functions"},"message":"[runtime-status] [11165] firebase-admin has been stubbed. {\"adminResolution\":{\"declared\":true,\"installed\":true,\"version\":\"8.13.0\",\"resolution\":\"/Users/code/Desktop/amazon-clone/functions/node_modules/firebase-admin/lib/index.js\"}}"}}
[info] ✔  functions[api]: http function initialized (http://localhost:5001/clone-84608/us-central1/api). {"metadata":{"emulator":{"name":"functions"},"message":"\u001b[1mhttp\u001b[22m function initialized (http://localhost:5001/clone-84608/us-central1/api)."}}
[info] 
┌───────────────────────────────────────────────────────────────────────┐
│ ✔  All emulators ready! View status and logs at http://localhost:4000 │
└───────────────────────────────────────────────────────────────────────┘

┌───────────┬────────────────┬─────────────────────────────────┐
│ Emulator  │ Host:Port      │ View in Emulator UI             │
├───────────┼────────────────┼─────────────────────────────────┤
│ Functions │ localhost:5001 │ http://localhost:4000/functions │
├───────────┼────────────────┼─────────────────────────────────┤
│ Hosting   │ localhost:5000 │ n/a                             │
└───────────┴────────────────┴─────────────────────────────────┘
  Other reserved ports: 4400, 4500

Issues? Report them at https://github.com/firebase/firebase-tools/issues and attach the *-debug.log files.
 
[debug] [2020-09-14T20:03:35.464Z] [worker-~diagnostic~-3383e969-e9b4-4a6a-85c7-26fe67a7a222]: IDLE {"metadata":{"emulator":{"name":"functions"},"message":"[worker-~diagnostic~-3383e969-e9b4-4a6a-85c7-26fe67a7a222]: IDLE"}}
[debug] [2020-09-14T20:04:05.595Z] [work-queue] {"queueLength":1,"workRunningCount":0}
[debug] [2020-09-14T20:04:05.595Z] [work-queue] {"queueLength":0,"workRunningCount":1}
[debug] [2020-09-14T20:04:05.596Z] Accepted request POST /clone-84608/us-central1/api/payments/create?total=19597 --> api
[debug] [2020-09-14T20:04:05.602Z] [worker-pool] addWorker(api) {"metadata":{"emulator":{"name":"functions"},"message":"[worker-pool] addWorker(api)"}}
[debug] [2020-09-14T20:04:05.603Z] [worker-pool] Adding worker with key api, total=1 {"metadata":{"emulator":{"name":"functions"},"message":"[worker-pool] Adding worker with key api, total=1"}}
[debug] [2020-09-14T20:04:05.603Z] [worker-pool] submitWork(triggerId=api) {"metadata":{"emulator":{"name":"functions"},"message":"[worker-pool] submitWork(triggerId=api)"}}
[debug] [2020-09-14T20:04:05.603Z] [worker-api-88b8b94e-c808-47ee-b5ac-af1396cffcb8]: Assigning socketPath: /var/folders/mk/31qjg5kn40x2w5l31rlfbw0m0000gp/T/fire_emu_11175.sock {"metadata":{"emulator":{"name":"functions"},"message":"[worker-api-88b8b94e-c808-47ee-b5ac-af1396cffcb8]: Assigning socketPath: /var/folders/mk/31qjg5kn40x2w5l31rlfbw0m0000gp/T/fire_emu_11175.sock"}}
[debug] [2020-09-14T20:04:05.603Z] [worker-api-88b8b94e-c808-47ee-b5ac-af1396cffcb8]: BUSY {"metadata":{"emulator":{"name":"functions"},"message":"[worker-api-88b8b94e-c808-47ee-b5ac-af1396cffcb8]: BUSY"}}
[debug] [2020-09-14T20:04:06.116Z] [runtime-status] [11175] Functions runtime initialized. {"cwd":"/Users/code/Desktop/amazon-clone/functions","node_version":"10.16.0"} {"metadata":{"emulator":{"name":"functions"},"function":{"name":"api"},"message":"[runtime-status] [11175] Functions runtime initialized. {\"cwd\":\"/Users/code/Desktop/amazon-clone/functions\",\"node_version\":\"10.16.0\"}"}}
[debug] [2020-09-14T20:04:06.118Z] [runtime-status] [11175] Disabled runtime features: undefined {"metadata":{"emulator":{"name":"functions"},"function":{"name":"api"},"message":"[runtime-status] [11175] Disabled runtime features: undefined"}}
[debug] [2020-09-14T20:04:06.122Z] [runtime-status] [11175] Resolved module firebase-admin {"declared":true,"installed":true,"version":"8.13.0","resolution":"/Users/code/Desktop/amazon-clone/functions/node_modules/firebase-admin/lib/index.js"} {"metadata":{"emulator":{"name":"functions"},"function":{"name":"api"},"message":"[runtime-status] [11175] Resolved module firebase-admin {\"declared\":true,\"installed\":true,\"version\":\"8.13.0\",\"resolution\":\"/Users/code/Desktop/amazon-clone/functions/node_modules/firebase-admin/lib/index.js\"}"}}
[debug] [2020-09-14T20:04:06.123Z] [runtime-status] [11175] Resolved module firebase-functions {"declared":true,"installed":true,"version":"3.11.0","resolution":"/Users/code/Desktop/amazon-clone/functions/node_modules/firebase-functions/lib/index.js"} {"metadata":{"emulator":{"name":"functions"},"function":{"name":"api"},"message":"[runtime-status] [11175] Resolved module firebase-functions {\"declared\":true,\"installed\":true,\"version\":\"3.11.0\",\"resolution\":\"/Users/code/Desktop/amazon-clone/functions/node_modules/firebase-functions/lib/index.js\"}"}}
[debug] [2020-09-14T20:04:06.124Z] [runtime-status] [11175] Resolved module firebase-functions {"declared":true,"installed":true,"version":"3.11.0","resolution":"/Users/code/Desktop/amazon-clone/functions/node_modules/firebase-functions/lib/index.js"} {"metadata":{"emulator":{"name":"functions"},"function":{"name":"api"},"message":"[runtime-status] [11175] Resolved module firebase-functions {\"declared\":true,\"installed\":true,\"version\":\"3.11.0\",\"resolution\":\"/Users/code/Desktop/amazon-clone/functions/node_modules/firebase-functions/lib/index.js\"}"}}
[debug] [2020-09-14T20:04:06.128Z] [runtime-status] [11175] Outgoing network have been stubbed. [{"name":"http","status":"mocked"},{"name":"http","status":"mocked"},{"name":"https","status":"mocked"},{"name":"https","status":"mocked"},{"name":"net","status":"mocked"}] {"metadata":{"emulator":{"name":"functions"},"function":{"name":"api"},"message":"[runtime-status] [11175] Outgoing network have been stubbed. [{\"name\":\"http\",\"status\":\"mocked\"},{\"name\":\"http\",\"status\":\"mocked\"},{\"name\":\"https\",\"status\":\"mocked\"},{\"name\":\"https\",\"status\":\"mocked\"},{\"name\":\"net\",\"status\":\"mocked\"}]"}}
[debug] [2020-09-14T20:04:06.128Z] [runtime-status] [11175] Resolved module firebase-functions {"declared":true,"installed":true,"version":"3.11.0","resolution":"/Users/code/Desktop/amazon-clone/functions/node_modules/firebase-functions/lib/index.js"} {"metadata":{"emulator":{"name":"functions"},"function":{"name":"api"},"message":"[runtime-status] [11175] Resolved module firebase-functions {\"declared\":true,\"installed\":true,\"version\":\"3.11.0\",\"resolution\":\"/Users/code/Desktop/amazon-clone/functions/node_modules/firebase-functions/lib/index.js\"}"}}
[debug] [2020-09-14T20:04:06.180Z] [runtime-status] [11175] Checked functions.config() {"config":{}} {"metadata":{"emulator":{"name":"functions"},"function":{"name":"api"},"message":"[runtime-status] [11175] Checked functions.config() {\"config\":{}}"}}
[debug] [2020-09-14T20:04:06.181Z] [runtime-status] [11175] firebase-functions has been stubbed. {"functionsResolution":{"declared":true,"installed":true,"version":"3.11.0","resolution":"/Users/code/Desktop/amazon-clone/functions/node_modules/firebase-functions/lib/index.js"}} {"metadata":{"emulator":{"name":"functions"},"function":{"name":"api"},"message":"[runtime-status] [11175] firebase-functions has been stubbed. {\"functionsResolution\":{\"declared\":true,\"installed\":true,\"version\":\"3.11.0\",\"resolution\":\"/Users/code/Desktop/amazon-clone/functions/node_modules/firebase-functions/lib/index.js\"}}"}}
[debug] [2020-09-14T20:04:06.181Z] [runtime-status] [11175] Resolved module firebase-functions {"declared":true,"installed":true,"version":"3.11.0","resolution":"/Users/code/Desktop/amazon-clone/functions/node_modules/firebase-functions/lib/index.js"} {"metadata":{"emulator":{"name":"functions"},"function":{"name":"api"},"message":"[runtime-status] [11175] Resolved module firebase-functions {\"declared\":true,\"installed\":true,\"version\":\"3.11.0\",\"resolution\":\"/Users/code/Desktop/amazon-clone/functions/node_modules/firebase-functions/lib/index.js\"}"}}
[debug] [2020-09-14T20:04:06.182Z] [runtime-status] [11175] Resolved module firebase-admin {"declared":true,"installed":true,"version":"8.13.0","resolution":"/Users/code/Desktop/amazon-clone/functions/node_modules/firebase-admin/lib/index.js"} {"metadata":{"emulator":{"name":"functions"},"function":{"name":"api"},"message":"[runtime-status] [11175] Resolved module firebase-admin {\"declared\":true,\"installed\":true,\"version\":\"8.13.0\",\"resolution\":\"/Users/code/Desktop/amazon-clone/functions/node_modules/firebase-admin/lib/index.js\"}"}}
[debug] [2020-09-14T20:04:06.182Z] [runtime-status] [11175] Resolved module firebase-functions {"declared":true,"installed":true,"version":"3.11.0","resolution":"/Users/code/Desktop/amazon-clone/functions/node_modules/firebase-functions/lib/index.js"} {"metadata":{"emulator":{"name":"functions"},"function":{"name":"api"},"message":"[runtime-status] [11175] Resolved module firebase-functions {\"declared\":true,\"installed\":true,\"version\":\"3.11.0\",\"resolution\":\"/Users/code/Desktop/amazon-clone/functions/node_modules/firebase-functions/lib/index.js\"}"}}
[debug] [2020-09-14T20:04:06.182Z] [runtime-status] [11175] firebase-admin has been stubbed. {"adminResolution":{"declared":true,"installed":true,"version":"8.13.0","resolution":"/Users/code/Desktop/amazon-clone/functions/node_modules/firebase-admin/lib/index.js"}} {"metadata":{"emulator":{"name":"functions"},"function":{"name":"api"},"message":"[runtime-status] [11175] firebase-admin has been stubbed. {\"adminResolution\":{\"declared\":true,\"installed\":true,\"version\":\"8.13.0\",\"resolution\":\"/Users/code/Desktop/amazon-clone/functions/node_modules/firebase-admin/lib/index.js\"}}"}}
[debug] [2020-09-14T20:04:06.320Z] [runtime-status] [11175] Trigger "api" has been found, beginning invocation! {"metadata":{"emulator":{"name":"functions"},"function":{"name":"api"},"message":"[runtime-status] [11175] Trigger \"api\" has been found, beginning invocation!"}}
[info] i  functions: Beginning execution of "api" {"metadata":{"emulator":{"name":"functions"},"function":{"name":"api"},"message":"Beginning execution of \"api\""}}
[debug] [2020-09-14T20:04:06.321Z] [runtime-status] [11175] triggerDefinition {"httpsTrigger":{},"name":"api","entryPoint":"api"} {"metadata":{"emulator":{"name":"functions"},"function":{"name":"api"},"message":"[runtime-status] [11175] triggerDefinition {\"httpsTrigger\":{},\"name\":\"api\",\"entryPoint\":\"api\"}"}}
[debug] [2020-09-14T20:04:06.321Z] [runtime-status] [11175] Running api in mode HTTPS {"metadata":{"emulator":{"name":"functions"},"function":{"name":"api"},"message":"[runtime-status] [11175] Running api in mode HTTPS"}}
[debug] [2020-09-14T20:04:06.326Z] [runtime-status] [11175] Attempting to listen to socketPath: /var/folders/mk/31qjg5kn40x2w5l31rlfbw0m0000gp/T/fire_emu_11175.sock {"metadata":{"emulator":{"name":"functions"},"function":{"name":"api"},"message":"[runtime-status] [11175] Attempting to listen to socketPath: /var/folders/mk/31qjg5kn40x2w5l31rlfbw0m0000gp/T/fire_emu_11175.sock"}}
[debug] [2020-09-14T20:04:06.331Z] [functions] Runtime ready! Sending request! {"metadata":{"emulator":{"name":"functions"},"message":"[functions] Runtime ready! Sending request!"}}
[debug] [2020-09-14T20:04:06.339Z] [runtime-status] [11175] Ephemeral server handling POST request {"metadata":{"emulator":{"name":"functions"},"function":{"name":"api"},"message":"[runtime-status] [11175] Ephemeral server handling POST request"}}
[info] >  Payment request RECEIVED BOOM!!!!!!!!! for the amount >>>>>>>>>>>>> 19597 {"user":"Payment request RECEIVED BOOM!!!!!!!!! for the amount >>>>>>>>>>>>> 19597","metadata":{"emulator":{"name":"functions"},"function":{"name":"api"},"message":"\u001b[90m> \u001b[39m Payment request RECEIVED BOOM!!!!!!!!! for the amount >>>>>>>>>>>>> 19597"}}
[debug] [2020-09-14T20:04:06.350Z] [runtime-status] [11175] Ephemeral server survived. {"metadata":{"emulator":{"name":"functions"},"function":{"name":"api"},"message":"[runtime-status] [11175] Ephemeral server survived."}}
[info] i  functions: Finished "api" in ~1s {"metadata":{"emulator":{"name":"functions"},"function":{"name":"api"},"message":"Finished \"api\" in ~1s"}}
[debug] [2020-09-14T20:04:06.883Z] [worker-api-88b8b94e-c808-47ee-b5ac-af1396cffcb8]: IDLE {"metadata":{"emulator":{"name":"functions"},"message":"[worker-api-88b8b94e-c808-47ee-b5ac-af1396cffcb8]: IDLE"}}
[debug] [2020-09-14T20:04:06.883Z] [work-queue] {"queueLength":0,"workRunningCount":0}
[debug] [2020-09-14T20:05:28.788Z] [work-queue] {"queueLength":1,"workRunningCount":0}
[debug] [2020-09-14T20:05:28.789Z] [work-queue] {"queueLength":0,"workRunningCount":1}
[debug] [2020-09-14T20:05:28.789Z] Accepted request POST /clone-84608/us-central1/api/payments/create?total=0 --> api
[debug] [2020-09-14T20:05:28.789Z] [worker-pool] submitWork(triggerId=api) {"metadata":{"emulator":{"name":"functions"},"message":"[worker-pool] submitWork(triggerId=api)"}}
[debug] [2020-09-14T20:05:28.789Z] [worker-api-88b8b94e-c808-47ee-b5ac-af1396cffcb8]: Assigning socketPath: /var/folders/mk/31qjg5kn40x2w5l31rlfbw0m0000gp/T/fire_emu_11175.sock {"metadata":{"emulator":{"name":"functions"},"message":"[worker-api-88b8b94e-c808-47ee-b5ac-af1396cffcb8]: Assigning socketPath: /var/folders/mk/31qjg5kn40x2w5l31rlfbw0m0000gp/T/fire_emu_11175.sock"}}
[debug] [2020-09-14T20:05:28.790Z] [worker-api-88b8b94e-c808-47ee-b5ac-af1396cffcb8]: BUSY {"metadata":{"emulator":{"name":"functions"},"message":"[worker-api-88b8b94e-c808-47ee-b5ac-af1396cffcb8]: BUSY"}}
[debug] [2020-09-14T20:05:28.791Z] [runtime-status] [11175] Trigger "api" has been found, beginning invocation! {"metadata":{"emulator":{"name":"functions"},"function":{"name":"api"},"message":"[runtime-status] [11175] Trigger \"api\" has been found, beginning invocation!"}}
[info] i  functions: Beginning execution of "api" {"metadata":{"emulator":{"name":"functions"},"function":{"name":"api"},"message":"Beginning execution of \"api\""}}
[debug] [2020-09-14T20:05:28.792Z] [runtime-status] [11175] triggerDefinition {"httpsTrigger":{},"name":"api","entryPoint":"api"} {"metadata":{"emulator":{"name":"functions"},"function":{"name":"api"},"message":"[runtime-status] [11175] triggerDefinition {\"httpsTrigger\":{},\"name\":\"api\",\"entryPoint\":\"api\"}"}}
[debug] [2020-09-14T20:05:28.792Z] [runtime-status] [11175] Running api in mode HTTPS {"metadata":{"emulator":{"name":"functions"},"function":{"name":"api"},"message":"[runtime-status] [11175] Running api in mode HTTPS"}}
[debug] [2020-09-14T20:05:28.794Z] [runtime-status] [11175] Attempting to listen to socketPath: /var/folders/mk/31qjg5kn40x2w5l31rlfbw0m0000gp/T/fire_emu_11175.sock {"metadata":{"emulator":{"name":"functions"},"function":{"name":"api"},"message":"[runtime-status] [11175] Attempting to listen to socketPath: /var/folders/mk/31qjg5kn40x2w5l31rlfbw0m0000gp/T/fire_emu_11175.sock"}}
[debug] [2020-09-14T20:05:28.796Z] [functions] Runtime ready! Sending request! {"metadata":{"emulator":{"name":"functions"},"message":"[functions] Runtime ready! Sending request!"}}
[debug] [2020-09-14T20:05:28.802Z] [runtime-status] [11175] Ephemeral server handling POST request {"metadata":{"emulator":{"name":"functions"},"function":{"name":"api"},"message":"[runtime-status] [11175] Ephemeral server handling POST request"}}
[info] >  Payment request RECEIVED BOOM!!!!!!!!! for the amount >>>>>>>>>>>>> 0 {"user":"Payment request RECEIVED BOOM!!!!!!!!! for the amount >>>>>>>>>>>>> 0","metadata":{"emulator":{"name":"functions"},"function":{"name":"api"},"message":"\u001b[90m> \u001b[39m Payment request RECEIVED BOOM!!!!!!!!! for the amount >>>>>>>>>>>>> 0"}}
[debug] [2020-09-14T20:05:28.808Z] [runtime-status] [11175] Ephemeral server survived. {"metadata":{"emulator":{"name":"functions"},"function":{"name":"api"},"message":"[runtime-status] [11175] Ephemeral server survived."}}
[info] >  (node:11175) UnhandledPromiseRejectionWarning: Error: This value must be greater than or equal to 1. {"user":"(node:11175) UnhandledPromiseRejectionWarning: Error: This value must be greater than or equal to 1.","metadata":{"emulator":{"name":"functions"},"function":{"name":"api"},"message":"\u001b[90m> \u001b[39m (node:11175) UnhandledPromiseRejectionWarning: Error: This value must be greater than or equal to 1."}}
[info] >      at Function.generate (/Users/code/Desktop/amazon-clone/functions/node_modules/stripe/lib/Error.js:39:16) {"user":"    at Function.generate (/Users/code/Desktop/amazon-clone/functions/node_modules/stripe/lib/Error.js:39:16)","metadata":{"emulator":{"name":"functions"},"function":{"name":"api"},"message":"\u001b[90m> \u001b[39m     at Function.generate (/Users/code/Desktop/amazon-clone/functions/node_modules/stripe/lib/Error.js:39:16)"}}
[info] >      at IncomingMessage.res.once (/Users/code/Desktop/amazon-clone/functions/node_modules/stripe/lib/StripeResource.js:190:33) {"user":"    at IncomingMessage.res.once (/Users/code/Desktop/amazon-clone/functions/node_modules/stripe/lib/StripeResource.js:190:33)","metadata":{"emulator":{"name":"functions"},"function":{"name":"api"},"message":"\u001b[90m> \u001b[39m     at IncomingMessage.res.once (/Users/code/Desktop/amazon-clone/functions/node_modules/stripe/lib/StripeResource.js:190:33)"}}
[info] >      at Object.onceWrapper (events.js:286:20) {"user":"    at Object.onceWrapper (events.js:286:20)","metadata":{"emulator":{"name":"functions"},"function":{"name":"api"},"message":"\u001b[90m> \u001b[39m     at Object.onceWrapper (events.js:286:20)"}}
[info] >      at IncomingMessage.emit (events.js:203:15) {"user":"    at IncomingMessage.emit (events.js:203:15)","metadata":{"emulator":{"name":"functions"},"function":{"name":"api"},"message":"\u001b[90m> \u001b[39m     at IncomingMessage.emit (events.js:203:15)"}}
[info] >      at endReadableNT (_stream_readable.js:1129:12) {"user":"    at endReadableNT (_stream_readable.js:1129:12)","metadata":{"emulator":{"name":"functions"},"function":{"name":"api"},"message":"\u001b[90m> \u001b[39m     at endReadableNT (_stream_readable.js:1129:12)"}}
[info] >      at process._tickCallback (internal/process/next_tick.js:63:19) {"user":"    at process._tickCallback (internal/process/next_tick.js:63:19)","metadata":{"emulator":{"name":"functions"},"function":{"name":"api"},"message":"\u001b[90m> \u001b[39m     at process._tickCallback (internal/process/next_tick.js:63:19)"}}
[info] >  (node:11175) UnhandledPromiseRejectionWarning: Unhandled promise rejection. This error originated either by throwing inside of an async function without a catch block, or by rejecting a promise which was not handled with .catch(). (rejection id: 1) {"user":"(node:11175) UnhandledPromiseRejectionWarning: Unhandled promise rejection. This error originated either by throwing inside of an async function without a catch block, or by rejecting a promise which was not handled with .catch(). (rejection id: 1)","metadata":{"emulator":{"name":"functions"},"function":{"name":"api"},"message":"\u001b[90m> \u001b[39m (node:11175) UnhandledPromiseRejectionWarning: Unhandled promise rejection. This error originated either by throwing inside of an async function without a catch block, or by rejecting a promise which was not handled with .catch(). (rejection id: 1)"}}
[info] >  (node:11175) [DEP0018] DeprecationWarning: Unhandled promise rejections are deprecated. In the future, promise rejections that are not handled will terminate the Node.js process with a non-zero exit code. {"user":"(node:11175) [DEP0018] DeprecationWarning: Unhandled promise rejections are deprecated. In the future, promise rejections that are not handled will terminate the Node.js process with a non-zero exit code.","metadata":{"emulator":{"name":"functions"},"function":{"name":"api"},"message":"\u001b[90m> \u001b[39m (node:11175) [DEP0018] DeprecationWarning: Unhandled promise rejections are deprecated. In the future, promise rejections that are not handled will terminate the Node.js process with a non-zero exit code."}}
[debug] [2020-09-14T20:05:43.451Z] [work-queue] {"queueLength":1,"workRunningCount":1}
[debug] [2020-09-14T20:05:43.451Z] [work-queue] {"queueLength":0,"workRunningCount":2}
[debug] [2020-09-14T20:05:43.452Z] Accepted request POST /clone-84608/us-central1/api/payments/create?total=3499 --> api
[debug] [2020-09-14T20:05:43.457Z] [worker-pool] addWorker(api) {"metadata":{"emulator":{"name":"functions"},"message":"[worker-pool] addWorker(api)"}}
[debug] [2020-09-14T20:05:43.458Z] [worker-pool] Adding worker with key api, total=2 {"metadata":{"emulator":{"name":"functions"},"message":"[worker-pool] Adding worker with key api, total=2"}}
[debug] [2020-09-14T20:05:43.458Z] [worker-pool] submitWork(triggerId=api) {"metadata":{"emulator":{"name":"functions"},"message":"[worker-pool] submitWork(triggerId=api)"}}
[debug] [2020-09-14T20:05:43.458Z] [worker-api-4439d726-153c-4e29-a39a-7fb5883d352a]: Assigning socketPath: /var/folders/mk/31qjg5kn40x2w5l31rlfbw0m0000gp/T/fire_emu_11197.sock {"metadata":{"emulator":{"name":"functions"},"message":"[worker-api-4439d726-153c-4e29-a39a-7fb5883d352a]: Assigning socketPath: /var/folders/mk/31qjg5kn40x2w5l31rlfbw0m0000gp/T/fire_emu_11197.sock"}}
[debug] [2020-09-14T20:05:43.458Z] [worker-api-4439d726-153c-4e29-a39a-7fb5883d352a]: BUSY {"metadata":{"emulator":{"name":"functions"},"message":"[worker-api-4439d726-153c-4e29-a39a-7fb5883d352a]: BUSY"}}
[debug] [2020-09-14T20:05:44.066Z] [runtime-status] [11197] Functions runtime initialized. {"cwd":"/Users/code/Desktop/amazon-clone/functions","node_version":"10.16.0"} {"metadata":{"emulator":{"name":"functions"},"function":{"name":"api"},"message":"[runtime-status] [11197] Functions runtime initialized. {\"cwd\":\"/Users/code/Desktop/amazon-clone/functions\",\"node_version\":\"10.16.0\"}"}}
[debug] [2020-09-14T20:05:44.067Z] [runtime-status] [11197] Disabled runtime features: undefined {"metadata":{"emulator":{"name":"functions"},"function":{"name":"api"},"message":"[runtime-status] [11197] Disabled runtime features: undefined"}}
[debug] [2020-09-14T20:05:44.071Z] [runtime-status] [11197] Resolved module firebase-admin {"declared":true,"installed":true,"version":"8.13.0","resolution":"/Users/code/Desktop/amazon-clone/functions/node_modules/firebase-admin/lib/index.js"} {"metadata":{"emulator":{"name":"functions"},"function":{"name":"api"},"message":"[runtime-status] [11197] Resolved module firebase-admin {\"declared\":true,\"installed\":true,\"version\":\"8.13.0\",\"resolution\":\"/Users/code/Desktop/amazon-clone/functions/node_modules/firebase-admin/lib/index.js\"}"}}
[debug] [2020-09-14T20:05:44.073Z] [runtime-status] [11197] Resolved module firebase-functions {"declared":true,"installed":true,"version":"3.11.0","resolution":"/Users/code/Desktop/amazon-clone/functions/node_modules/firebase-functions/lib/index.js"} {"metadata":{"emulator":{"name":"functions"},"function":{"name":"api"},"message":"[runtime-status] [11197] Resolved module firebase-functions {\"declared\":true,\"installed\":true,\"version\":\"3.11.0\",\"resolution\":\"/Users/code/Desktop/amazon-clone/functions/node_modules/firebase-functions/lib/index.js\"}"}}
[debug] [2020-09-14T20:05:44.073Z] [runtime-status] [11197] Resolved module firebase-functions {"declared":true,"installed":true,"version":"3.11.0","resolution":"/Users/code/Desktop/amazon-clone/functions/node_modules/firebase-functions/lib/index.js"} {"metadata":{"emulator":{"name":"functions"},"function":{"name":"api"},"message":"[runtime-status] [11197] Resolved module firebase-functions {\"declared\":true,\"installed\":true,\"version\":\"3.11.0\",\"resolution\":\"/Users/code/Desktop/amazon-clone/functions/node_modules/firebase-functions/lib/index.js\"}"}}
[debug] [2020-09-14T20:05:44.077Z] [runtime-status] [11197] Outgoing network have been stubbed. [{"name":"http","status":"mocked"},{"name":"http","status":"mocked"},{"name":"https","status":"mocked"},{"name":"https","status":"mocked"},{"name":"net","status":"mocked"}] {"metadata":{"emulator":{"name":"functions"},"function":{"name":"api"},"message":"[runtime-status] [11197] Outgoing network have been stubbed. [{\"name\":\"http\",\"status\":\"mocked\"},{\"name\":\"http\",\"status\":\"mocked\"},{\"name\":\"https\",\"status\":\"mocked\"},{\"name\":\"https\",\"status\":\"mocked\"},{\"name\":\"net\",\"status\":\"mocked\"}]"}}
[debug] [2020-09-14T20:05:44.077Z] [runtime-status] [11197] Resolved module firebase-functions {"declared":true,"installed":true,"version":"3.11.0","resolution":"/Users/code/Desktop/amazon-clone/functions/node_modules/firebase-functions/lib/index.js"} {"metadata":{"emulator":{"name":"functions"},"function":{"name":"api"},"message":"[runtime-status] [11197] Resolved module firebase-functions {\"declared\":true,\"installed\":true,\"version\":\"3.11.0\",\"resolution\":\"/Users/code/Desktop/amazon-clone/functions/node_modules/firebase-functions/lib/index.js\"}"}}
[debug] [2020-09-14T20:05:44.133Z] [runtime-status] [11197] Checked functions.config() {"config":{}} {"metadata":{"emulator":{"name":"functions"},"function":{"name":"api"},"message":"[runtime-status] [11197] Checked functions.config() {\"config\":{}}"}}
[debug] [2020-09-14T20:05:44.133Z] [runtime-status] [11197] firebase-functions has been stubbed. {"functionsResolution":{"declared":true,"installed":true,"version":"3.11.0","resolution":"/Users/code/Desktop/amazon-clone/functions/node_modules/firebase-functions/lib/index.js"}} {"metadata":{"emulator":{"name":"functions"},"function":{"name":"api"},"message":"[runtime-status] [11197] firebase-functions has been stubbed. {\"functionsResolution\":{\"declared\":true,\"installed\":true,\"version\":\"3.11.0\",\"resolution\":\"/Users/code/Desktop/amazon-clone/functions/node_modules/firebase-functions/lib/index.js\"}}"}}
[debug] [2020-09-14T20:05:44.134Z] [runtime-status] [11197] Resolved module firebase-functions {"declared":true,"installed":true,"version":"3.11.0","resolution":"/Users/code/Desktop/amazon-clone/functions/node_modules/firebase-functions/lib/index.js"} {"metadata":{"emulator":{"name":"functions"},"function":{"name":"api"},"message":"[runtime-status] [11197] Resolved module firebase-functions {\"declared\":true,\"installed\":true,\"version\":\"3.11.0\",\"resolution\":\"/Users/code/Desktop/amazon-clone/functions/node_modules/firebase-functions/lib/index.js\"}"}}
[debug] [2020-09-14T20:05:44.135Z] [runtime-status] [11197] Resolved module firebase-admin {"declared":true,"installed":true,"version":"8.13.0","resolution":"/Users/code/Desktop/amazon-clone/functions/node_modules/firebase-admin/lib/index.js"} {"metadata":{"emulator":{"name":"functions"},"function":{"name":"api"},"message":"[runtime-status] [11197] Resolved module firebase-admin {\"declared\":true,\"installed\":true,\"version\":\"8.13.0\",\"resolution\":\"/Users/code/Desktop/amazon-clone/functions/node_modules/firebase-admin/lib/index.js\"}"}}
[debug] [2020-09-14T20:05:44.135Z] [runtime-status] [11197] Resolved module firebase-functions {"declared":true,"installed":true,"version":"3.11.0","resolution":"/Users/code/Desktop/amazon-clone/functions/node_modules/firebase-functions/lib/index.js"} {"metadata":{"emulator":{"name":"functions"},"function":{"name":"api"},"message":"[runtime-status] [11197] Resolved module firebase-functions {\"declared\":true,\"installed\":true,\"version\":\"3.11.0\",\"resolution\":\"/Users/code/Desktop/amazon-clone/functions/node_modules/firebase-functions/lib/index.js\"}"}}
[debug] [2020-09-14T20:05:44.135Z] [runtime-status] [11197] firebase-admin has been stubbed. {"adminResolution":{"declared":true,"installed":true,"version":"8.13.0","resolution":"/Users/code/Desktop/amazon-clone/functions/node_modules/firebase-admin/lib/index.js"}} {"metadata":{"emulator":{"name":"functions"},"function":{"name":"api"},"message":"[runtime-status] [11197] firebase-admin has been stubbed. {\"adminResolution\":{\"declared\":true,\"installed\":true,\"version\":\"8.13.0\",\"resolution\":\"/Users/code/Desktop/amazon-clone/functions/node_modules/firebase-admin/lib/index.js\"}}"}}
[debug] [2020-09-14T20:05:44.293Z] [runtime-status] [11197] Trigger "api" has been found, beginning invocation! {"metadata":{"emulator":{"name":"functions"},"function":{"name":"api"},"message":"[runtime-status] [11197] Trigger \"api\" has been found, beginning invocation!"}}
[info] i  functions: Beginning execution of "api" {"metadata":{"emulator":{"name":"functions"},"function":{"name":"api"},"message":"Beginning execution of \"api\""}}
[debug] [2020-09-14T20:05:44.294Z] [runtime-status] [11197] triggerDefinition {"httpsTrigger":{},"name":"api","entryPoint":"api"} {"metadata":{"emulator":{"name":"functions"},"function":{"name":"api"},"message":"[runtime-status] [11197] triggerDefinition {\"httpsTrigger\":{},\"name\":\"api\",\"entryPoint\":\"api\"}"}}
[debug] [2020-09-14T20:05:44.294Z] [runtime-status] [11197] Running api in mode HTTPS {"metadata":{"emulator":{"name":"functions"},"function":{"name":"api"},"message":"[runtime-status] [11197] Running api in mode HTTPS"}}
[debug] [2020-09-14T20:05:44.300Z] [runtime-status] [11197] Attempting to listen to socketPath: /var/folders/mk/31qjg5kn40x2w5l31rlfbw0m0000gp/T/fire_emu_11197.sock {"metadata":{"emulator":{"name":"functions"},"function":{"name":"api"},"message":"[runtime-status] [11197] Attempting to listen to socketPath: /var/folders/mk/31qjg5kn40x2w5l31rlfbw0m0000gp/T/fire_emu_11197.sock"}}
[debug] [2020-09-14T20:05:44.304Z] [functions] Runtime ready! Sending request! {"metadata":{"emulator":{"name":"functions"},"message":"[functions] Runtime ready! Sending request!"}}
[debug] [2020-09-14T20:05:44.312Z] [runtime-status] [11197] Ephemeral server handling POST request {"metadata":{"emulator":{"name":"functions"},"function":{"name":"api"},"message":"[runtime-status] [11197] Ephemeral server handling POST request"}}
[info] >  Payment request RECEIVED BOOM!!!!!!!!! for the amount >>>>>>>>>>>>> 3499 {"user":"Payment request RECEIVED BOOM!!!!!!!!! for the amount >>>>>>>>>>>>> 3499","metadata":{"emulator":{"name":"functions"},"function":{"name":"api"},"message":"\u001b[90m> \u001b[39m Payment request RECEIVED BOOM!!!!!!!!! for the amount >>>>>>>>>>>>> 3499"}}
[debug] [2020-09-14T20:05:44.322Z] [runtime-status] [11197] Ephemeral server survived. {"metadata":{"emulator":{"name":"functions"},"function":{"name":"api"},"message":"[runtime-status] [11197] Ephemeral server survived."}}
[info] i  functions: Finished "api" in ~1s {"metadata":{"emulator":{"name":"functions"},"function":{"name":"api"},"message":"Finished \"api\" in ~1s"}}
[debug] [2020-09-14T20:05:45.028Z] [worker-api-4439d726-153c-4e29-a39a-7fb5883d352a]: IDLE {"metadata":{"emulator":{"name":"functions"},"message":"[worker-api-4439d726-153c-4e29-a39a-7fb5883d352a]: IDLE"}}
[debug] [2020-09-14T20:05:45.028Z] [work-queue] {"queueLength":0,"workRunningCount":1}
[debug] [2020-09-14T20:06:01.598Z] [work-queue] {"queueLength":1,"workRunningCount":1}
[debug] [2020-09-14T20:06:01.599Z] [work-queue] {"queueLength":0,"workRunningCount":2}
[debug] [2020-09-14T20:06:01.599Z] Accepted request POST /clone-84608/us-central1/api/payments/create?total=0 --> api
[debug] [2020-09-14T20:06:01.599Z] [worker-pool] submitWork(triggerId=api) {"metadata":{"emulator":{"name":"functions"},"message":"[worker-pool] submitWork(triggerId=api)"}}
[debug] [2020-09-14T20:06:01.599Z] [worker-api-4439d726-153c-4e29-a39a-7fb5883d352a]: Assigning socketPath: /var/folders/mk/31qjg5kn40x2w5l31rlfbw0m0000gp/T/fire_emu_11197.sock {"metadata":{"emulator":{"name":"functions"},"message":"[worker-api-4439d726-153c-4e29-a39a-7fb5883d352a]: Assigning socketPath: /var/folders/mk/31qjg5kn40x2w5l31rlfbw0m0000gp/T/fire_emu_11197.sock"}}
[debug] [2020-09-14T20:06:01.599Z] [worker-api-4439d726-153c-4e29-a39a-7fb5883d352a]: BUSY {"metadata":{"emulator":{"name":"functions"},"message":"[worker-api-4439d726-153c-4e29-a39a-7fb5883d352a]: BUSY"}}
[debug] [2020-09-14T20:06:01.600Z] [runtime-status] [11197] Trigger "api" has been found, beginning invocation! {"metadata":{"emulator":{"name":"functions"},"function":{"name":"api"},"message":"[runtime-status] [11197] Trigger \"api\" has been found, beginning invocation!"}}
[info] i  functions: Beginning execution of "api" {"metadata":{"emulator":{"name":"functions"},"function":{"name":"api"},"message":"Beginning execution of \"api\""}}
[debug] [2020-09-14T20:06:01.601Z] [runtime-status] [11197] triggerDefinition {"httpsTrigger":{},"name":"api","entryPoint":"api"} {"metadata":{"emulator":{"name":"functions"},"function":{"name":"api"},"message":"[runtime-status] [11197] triggerDefinition {\"httpsTrigger\":{},\"name\":\"api\",\"entryPoint\":\"api\"}"}}
[debug] [2020-09-14T20:06:01.604Z] [runtime-status] [11197] Running api in mode HTTPS {"metadata":{"emulator":{"name":"functions"},"function":{"name":"api"},"message":"[runtime-status] [11197] Running api in mode HTTPS"}}
[debug] [2020-09-14T20:06:01.604Z] [runtime-status] [11197] Attempting to listen to socketPath: /var/folders/mk/31qjg5kn40x2w5l31rlfbw0m0000gp/T/fire_emu_11197.sock {"metadata":{"emulator":{"name":"functions"},"function":{"name":"api"},"message":"[runtime-status] [11197] Attempting to listen to socketPath: /var/folders/mk/31qjg5kn40x2w5l31rlfbw0m0000gp/T/fire_emu_11197.sock"}}
[debug] [2020-09-14T20:06:01.605Z] [functions] Runtime ready! Sending request! {"metadata":{"emulator":{"name":"functions"},"message":"[functions] Runtime ready! Sending request!"}}
[debug] [2020-09-14T20:06:01.609Z] [runtime-status] [11197] Ephemeral server handling POST request {"metadata":{"emulator":{"name":"functions"},"function":{"name":"api"},"message":"[runtime-status] [11197] Ephemeral server handling POST request"}}
[info] >  Payment request RECEIVED BOOM!!!!!!!!! for the amount >>>>>>>>>>>>> 0 {"user":"Payment request RECEIVED BOOM!!!!!!!!! for the amount >>>>>>>>>>>>> 0","metadata":{"emulator":{"name":"functions"},"function":{"name":"api"},"message":"\u001b[90m> \u001b[39m Payment request RECEIVED BOOM!!!!!!!!! for the amount >>>>>>>>>>>>> 0"}}
[debug] [2020-09-14T20:06:01.611Z] [runtime-status] [11197] Ephemeral server survived. {"metadata":{"emulator":{"name":"functions"},"function":{"name":"api"},"message":"[runtime-status] [11197] Ephemeral server survived."}}
[info] >  (node:11197) UnhandledPromiseRejectionWarning: Error: This value must be greater than or equal to 1. {"user":"(node:11197) UnhandledPromiseRejectionWarning: Error: This value must be greater than or equal to 1.","metadata":{"emulator":{"name":"functions"},"function":{"name":"api"},"message":"\u001b[90m> \u001b[39m (node:11197) UnhandledPromiseRejectionWarning: Error: This value must be greater than or equal to 1."}}
[info] >      at Function.generate (/Users/code/Desktop/amazon-clone/functions/node_modules/stripe/lib/Error.js:39:16) {"user":"    at Function.generate (/Users/code/Desktop/amazon-clone/functions/node_modules/stripe/lib/Error.js:39:16)","metadata":{"emulator":{"name":"functions"},"function":{"name":"api"},"message":"\u001b[90m> \u001b[39m     at Function.generate (/Users/code/Desktop/amazon-clone/functions/node_modules/stripe/lib/Error.js:39:16)"}}
[info] >      at IncomingMessage.res.once (/Users/code/Desktop/amazon-clone/functions/node_modules/stripe/lib/StripeResource.js:190:33) {"user":"    at IncomingMessage.res.once (/Users/code/Desktop/amazon-clone/functions/node_modules/stripe/lib/StripeResource.js:190:33)","metadata":{"emulator":{"name":"functions"},"function":{"name":"api"},"message":"\u001b[90m> \u001b[39m     at IncomingMessage.res.once (/Users/code/Desktop/amazon-clone/functions/node_modules/stripe/lib/StripeResource.js:190:33)"}}
[info] >      at Object.onceWrapper (events.js:286:20) {"user":"    at Object.onceWrapper (events.js:286:20)","metadata":{"emulator":{"name":"functions"},"function":{"name":"api"},"message":"\u001b[90m> \u001b[39m     at Object.onceWrapper (events.js:286:20)"}}
[info] >      at IncomingMessage.emit (events.js:203:15) {"user":"    at IncomingMessage.emit (events.js:203:15)","metadata":{"emulator":{"name":"functions"},"function":{"name":"api"},"message":"\u001b[90m> \u001b[39m     at IncomingMessage.emit (events.js:203:15)"}}
[info] >      at endReadableNT (_stream_readable.js:1129:12) {"user":"    at endReadableNT (_stream_readable.js:1129:12)","metadata":{"emulator":{"name":"functions"},"function":{"name":"api"},"message":"\u001b[90m> \u001b[39m     at endReadableNT (_stream_readable.js:1129:12)"}}
[info] >      at process._tickCallback (internal/process/next_tick.js:63:19) {"user":"    at process._tickCallback (internal/process/next_tick.js:63:19)","metadata":{"emulator":{"name":"functions"},"function":{"name":"api"},"message":"\u001b[90m> \u001b[39m     at process._tickCallback (internal/process/next_tick.js:63:19)"}}
[info] >  (node:11197) UnhandledPromiseRejectionWarning: Unhandled promise rejection. This error originated either by throwing inside of an async function without a catch block, or by rejecting a promise which was not handled with .catch(). (rejection id: 1) {"user":"(node:11197) UnhandledPromiseRejectionWarning: Unhandled promise rejection. This error originated either by throwing inside of an async function without a catch block, or by rejecting a promise which was not handled with .catch(). (rejection id: 1)","metadata":{"emulator":{"name":"functions"},"function":{"name":"api"},"message":"\u001b[90m> \u001b[39m (node:11197) UnhandledPromiseRejectionWarning: Unhandled promise rejection. This error originated either by throwing inside of an async function without a catch block, or by rejecting a promise which was not handled with .catch(). (rejection id: 1)"}}
[info] >  (node:11197) [DEP0018] DeprecationWarning: Unhandled promise rejections are deprecated. In the future, promise rejections that are not handled will terminate the Node.js process with a non-zero exit code. {"user":"(node:11197) [DEP0018] DeprecationWarning: Unhandled promise rejections are deprecated. In the future, promise rejections that are not handled will terminate the Node.js process with a non-zero exit code.","metadata":{"emulator":{"name":"functions"},"function":{"name":"api"},"message":"\u001b[90m> \u001b[39m (node:11197) [DEP0018] DeprecationWarning: Unhandled promise rejections are deprecated. In the future, promise rejections that are not handled will terminate the Node.js process with a non-zero exit code."}}
[warn] ⚠  functions: Your function timed out after ~60s. To configure this timeout, see
      https://firebase.google.com/docs/functions/manage-functions#set_timeout_and_memory_allocation. {"metadata":{"emulator":{"name":"functions"},"function":{"name":"api"},"message":"Your function timed out after ~60s. To configure this timeout, see\n      https://firebase.google.com/docs/functions/manage-functions#set_timeout_and_memory_allocation."}}
[info] >  /Users/code/.nvm/versions/node/v10.16.0/lib/node_modules/firebase-tools/lib/emulator/functionsEmulatorRuntime.js:642 {"user":"/Users/code/.nvm/versions/node/v10.16.0/lib/node_modules/firebase-tools/lib/emulator/functionsEmulatorRuntime.js:642","metadata":{"emulator":{"name":"functions"},"function":{"name":"api"},"message":"\u001b[90m> \u001b[39m /Users/code/.nvm/versions/node/v10.16.0/lib/node_modules/firebase-tools/lib/emulator/functionsEmulatorRuntime.js:642"}}
[info] >                  throw new Error("Function timed out."); {"user":"                throw new Error(\"Function timed out.\");","metadata":{"emulator":{"name":"functions"},"function":{"name":"api"},"message":"\u001b[90m> \u001b[39m                 throw new Error(\"Function timed out.\");"}}
[info] >                  ^ {"user":"                ^","metadata":{"emulator":{"name":"functions"},"function":{"name":"api"},"message":"\u001b[90m> \u001b[39m                 ^"}}
[info] >   {"user":"","metadata":{"emulator":{"name":"functions"},"function":{"name":"api"},"message":"\u001b[90m> \u001b[39m "}}
[info] >  Error: Function timed out. {"user":"Error: Function timed out.","metadata":{"emulator":{"name":"functions"},"function":{"name":"api"},"message":"\u001b[90m> \u001b[39m Error: Function timed out."}}
[info] >      at Timeout.setTimeout [as _onTimeout] (/Users/code/.nvm/versions/node/v10.16.0/lib/node_modules/firebase-tools/lib/emulator/functionsEmulatorRuntime.js:642:23) {"user":"    at Timeout.setTimeout [as _onTimeout] (/Users/code/.nvm/versions/node/v10.16.0/lib/node_modules/firebase-tools/lib/emulator/functionsEmulatorRuntime.js:642:23)","metadata":{"emulator":{"name":"functions"},"function":{"name":"api"},"message":"\u001b[90m> \u001b[39m     at Timeout.setTimeout [as _onTimeout] (/Users/code/.nvm/versions/node/v10.16.0/lib/node_modules/firebase-tools/lib/emulator/functionsEmulatorRuntime.js:642:23)"}}
[info] >      at ontimeout (timers.js:436:11) {"user":"    at ontimeout (timers.js:436:11)","metadata":{"emulator":{"name":"functions"},"function":{"name":"api"},"message":"\u001b[90m> \u001b[39m     at ontimeout (timers.js:436:11)"}}
[info] >      at tryOnTimeout (timers.js:300:5) {"user":"    at tryOnTimeout (timers.js:300:5)","metadata":{"emulator":{"name":"functions"},"function":{"name":"api"},"message":"\u001b[90m> \u001b[39m     at tryOnTimeout (timers.js:300:5)"}}
[info] >      at listOnTimeout (timers.js:263:5) {"user":"    at listOnTimeout (timers.js:263:5)","metadata":{"emulator":{"name":"functions"},"function":{"name":"api"},"message":"\u001b[90m> \u001b[39m     at listOnTimeout (timers.js:263:5)"}}
[info] >      at Timer.processTimers (timers.js:223:10) {"user":"    at Timer.processTimers (timers.js:223:10)","metadata":{"emulator":{"name":"functions"},"function":{"name":"api"},"message":"\u001b[90m> \u001b[39m     at Timer.processTimers (timers.js:223:10)"}}
[debug] [2020-09-14T20:06:28.806Z] [worker-api-88b8b94e-c808-47ee-b5ac-af1396cffcb8]: exited {"metadata":{"emulator":{"name":"functions"},"message":"[worker-api-88b8b94e-c808-47ee-b5ac-af1396cffcb8]: exited"}}
[debug] [2020-09-14T20:06:28.807Z] [worker-api-88b8b94e-c808-47ee-b5ac-af1396cffcb8]: FINISHED {"metadata":{"emulator":{"name":"functions"},"message":"[worker-api-88b8b94e-c808-47ee-b5ac-af1396cffcb8]: FINISHED"}}
[debug] [2020-09-14T20:06:28.807Z] [work-queue] {"queueLength":0,"workRunningCount":1}
[warn] ⚠  functions: Your function timed out after ~60s. To configure this timeout, see
      https://firebase.google.com/docs/functions/manage-functions#set_timeout_and_memory_allocation. {"metadata":{"emulator":{"name":"functions"},"function":{"name":"api"},"message":"Your function timed out after ~60s. To configure this timeout, see\n      https://firebase.google.com/docs/functions/manage-functions#set_timeout_and_memory_allocation."}}
[info] >  /Users/code/.nvm/versions/node/v10.16.0/lib/node_modules/firebase-tools/lib/emulator/functionsEmulatorRuntime.js:642 {"user":"/Users/code/.nvm/versions/node/v10.16.0/lib/node_modules/firebase-tools/lib/emulator/functionsEmulatorRuntime.js:642","metadata":{"emulator":{"name":"functions"},"function":{"name":"api"},"message":"\u001b[90m> \u001b[39m /Users/code/.nvm/versions/node/v10.16.0/lib/node_modules/firebase-tools/lib/emulator/functionsEmulatorRuntime.js:642"}}
[info] >                  throw new Error("Function timed out."); {"user":"                throw new Error(\"Function timed out.\");","metadata":{"emulator":{"name":"functions"},"function":{"name":"api"},"message":"\u001b[90m> \u001b[39m                 throw new Error(\"Function timed out.\");"}}
[info] >                  ^ {"user":"                ^","metadata":{"emulator":{"name":"functions"},"function":{"name":"api"},"message":"\u001b[90m> \u001b[39m                 ^"}}
[info] >   {"user":"","metadata":{"emulator":{"name":"functions"},"function":{"name":"api"},"message":"\u001b[90m> \u001b[39m "}}
[info] >  Error: Function timed out. {"user":"Error: Function timed out.","metadata":{"emulator":{"name":"functions"},"function":{"name":"api"},"message":"\u001b[90m> \u001b[39m Error: Function timed out."}}
[info] >      at Timeout.setTimeout [as _onTimeout] (/Users/code/.nvm/versions/node/v10.16.0/lib/node_modules/firebase-tools/lib/emulator/functionsEmulatorRuntime.js:642:23) {"user":"    at Timeout.setTimeout [as _onTimeout] (/Users/code/.nvm/versions/node/v10.16.0/lib/node_modules/firebase-tools/lib/emulator/functionsEmulatorRuntime.js:642:23)","metadata":{"emulator":{"name":"functions"},"function":{"name":"api"},"message":"\u001b[90m> \u001b[39m     at Timeout.setTimeout [as _onTimeout] (/Users/code/.nvm/versions/node/v10.16.0/lib/node_modules/firebase-tools/lib/emulator/functionsEmulatorRuntime.js:642:23)"}}
[info] >      at ontimeout (timers.js:436:11) {"user":"    at ontimeout (timers.js:436:11)","metadata":{"emulator":{"name":"functions"},"function":{"name":"api"},"message":"\u001b[90m> \u001b[39m     at ontimeout (timers.js:436:11)"}}
[info] >      at tryOnTimeout (timers.js:300:5) {"user":"    at tryOnTimeout (timers.js:300:5)","metadata":{"emulator":{"name":"functions"},"function":{"name":"api"},"message":"\u001b[90m> \u001b[39m     at tryOnTimeout (timers.js:300:5)"}}
[info] >      at listOnTimeout (timers.js:263:5) {"user":"    at listOnTimeout (timers.js:263:5)","metadata":{"emulator":{"name":"functions"},"function":{"name":"api"},"message":"\u001b[90m> \u001b[39m     at listOnTimeout (timers.js:263:5)"}}
[info] >      at Timer.processTimers (timers.js:223:10) {"user":"    at Timer.processTimers (timers.js:223:10)","metadata":{"emulator":{"name":"functions"},"function":{"name":"api"},"message":"\u001b[90m> \u001b[39m     at Timer.processTimers (timers.js:223:10)"}}
[debug] [2020-09-14T20:07:01.616Z] [worker-api-4439d726-153c-4e29-a39a-7fb5883d352a]: exited {"metadata":{"emulator":{"name":"functions"},"message":"[worker-api-4439d726-153c-4e29-a39a-7fb5883d352a]: exited"}}
[debug] [2020-09-14T20:07:01.617Z] [worker-api-4439d726-153c-4e29-a39a-7fb5883d352a]: FINISHED {"metadata":{"emulator":{"name":"functions"},"message":"[worker-api-4439d726-153c-4e29-a39a-7fb5883d352a]: FINISHED"}}
[debug] [2020-09-14T20:07:01.617Z] [work-queue] {"queueLength":0,"workRunningCount":0}
